<?xml version="1.0" encoding="UTF-8"?>
<testng-results skipped="0" failed="0" ignored="0" total="1" passed="1">
  <reporter-output>
  </reporter-output>
  <suite name="Default suite" duration-ms="60632" started-at="2021-03-09T06:47:32Z" finished-at="2021-03-09T06:48:32Z">
    <groups>
    </groups>
    <test name="Default test" duration-ms="60632" started-at="2021-03-09T06:47:32Z" finished-at="2021-03-09T06:48:32Z">
      <class name="pckg.Sample">
        <test-method status="PASS" signature="test1()[pri:0, instance:pckg.Sample@548e7350]" name="test1" duration-ms="60078" started-at="2021-03-09T06:47:32Z" finished-at="2021-03-09T06:48:32Z">
          <reporter-output>
          </reporter-output>
        </test-method> <!-- test1 -->
      </class> <!-- pckg.Sample -->
    </test> <!-- Default test -->
  </suite> <!-- Default suite -->
</testng-results>
